-------------------------------------------------------------------------------->8
-------------------------------------------------------------------------------->8
[2024-01-19T17:10:02.470814911Z][docker-desktop-user-distro][I] syncContextStores <HOME>/.docker/contexts <-> /mnt/c/Users/carlo/.docker/contexts
[2024-01-19T17:10:02.479288789Z][docker-desktop-user-distro][I] syncContextStores <HOME>/.docker/contexts <-> /mnt/c/Users/carlo/.docker/contexts os.Symlink <HOME>/.docker/contexts -> /mnt/c/Users/carlo/.docker/contexts
-------------------------------------------------------------------------------->8
-------------------------------------------------------------------------------->8
[2024-01-19T17:10:02.957322724Z][docker-desktop-user-distro][I] linkPathToWindows windowsPath = /mnt/c/Users/carlo/.aws, linkPath = <HOME>/.aws
-------------------------------------------------------------------------------->8
-------------------------------------------------------------------------------->8
[2024-01-19T17:10:03.466767844Z][docker-desktop-user-distro][I] linkPathToWindows windowsPath = /mnt/c/Users/carlo/.azure, linkPath = <HOME>/.azure
-------------------------------------------------------------------------------->8
-------------------------------------------------------------------------------->8
[2024-01-19T17:10:03.943780451Z][docker-desktop-user-distro][I] linkPathToWindows windowsPath = /mnt/c/Users/carlo/.docker/features.json, linkPath = ~/.docker/features.json
-------------------------------------------------------------------------------->8
-------------------------------------------------------------------------------->8
[2024-01-19T18:44:31.403109126Z][docker-desktop-user-distro][I] syncContextStores <HOME>/.docker/contexts <-> /mnt/c/Users/carlo/.docker/contexts
[2024-01-19T18:44:31.411321016Z][docker-desktop-user-distro][I] syncContextStores <HOME>/.docker/contexts <-> /mnt/c/Users/carlo/.docker/contexts: syncNoop
-------------------------------------------------------------------------------->8
-------------------------------------------------------------------------------->8
[2024-01-19T18:44:31.996130685Z][docker-desktop-user-distro][I] linkPathToWindows windowsPath = /mnt/c/Users/carlo/.aws, linkPath = <HOME>/.aws
[2024-01-19T18:44:32.000984870Z][docker-desktop-user-distro][I] no need to symlink <HOME>/.aws to /mnt/c/Users/carlo/.aws: they are the same path already
-------------------------------------------------------------------------------->8
-------------------------------------------------------------------------------->8
[2024-01-19T18:44:32.735595721Z][docker-desktop-user-distro][I] linkPathToWindows windowsPath = /mnt/c/Users/carlo/.azure, linkPath = <HOME>/.azure
[2024-01-19T18:44:32.747864993Z][docker-desktop-user-distro][I] no need to symlink <HOME>/.azure to /mnt/c/Users/carlo/.azure: they are the same path already
-------------------------------------------------------------------------------->8
-------------------------------------------------------------------------------->8
[2024-01-19T18:44:33.406525379Z][docker-desktop-user-distro][I] linkPathToWindows windowsPath = /mnt/c/Users/carlo/.docker/features.json, linkPath = ~/.docker/features.json
-------------------------------------------------------------------------------->8
-------------------------------------------------------------------------------->8
[2024-01-19T19:24:35.839065495Z][docker-desktop-user-distro][I] syncContextStores <HOME>/.docker/contexts <-> /mnt/c/Users/carlo/.docker/contexts
[2024-01-19T19:24:35.847330981Z][docker-desktop-user-distro][I] syncContextStores <HOME>/.docker/contexts <-> /mnt/c/Users/carlo/.docker/contexts: syncNoop
-------------------------------------------------------------------------------->8
-------------------------------------------------------------------------------->8
[2024-01-19T19:24:36.503673486Z][docker-desktop-user-distro][I] linkPathToWindows windowsPath = /mnt/c/Users/carlo/.aws, linkPath = <HOME>/.aws
[2024-01-19T19:24:36.510947673Z][docker-desktop-user-distro][I] no need to symlink <HOME>/.aws to /mnt/c/Users/carlo/.aws: they are the same path already
-------------------------------------------------------------------------------->8
-------------------------------------------------------------------------------->8
[2024-01-19T19:24:37.134076172Z][docker-desktop-user-distro][I] linkPathToWindows windowsPath = /mnt/c/Users/carlo/.azure, linkPath = <HOME>/.azure
[2024-01-19T19:24:37.141104477Z][docker-desktop-user-distro][I] no need to symlink <HOME>/.azure to /mnt/c/Users/carlo/.azure: they are the same path already
-------------------------------------------------------------------------------->8
-------------------------------------------------------------------------------->8
[2024-01-19T19:24:38.798588737Z][docker-desktop-user-distro][I] linkPathToWindows windowsPath = /mnt/c/Users/carlo/.docker/features.json, linkPath = ~/.docker/features.json
