2024-01-19 13:45:50.072 [info] Extension host with pid 635 started
2024-01-19 13:45:50.098 [info] Lock '/home/carlos/.vscode-server/data/User/workspaceStorage/b2f342de0054ba6dee4431941d86e061/vscode.lock': Lock acquired.
2024-01-19 13:45:50.130 [info] ExtensionService#_doActivateExtension vscode.tunnel-forwarding, startup: false, activationEvent: 'onTunnel'
2024-01-19 13:45:50.163 [info] ExtensionService#_doActivateExtension vscode.git-base, startup: true, activationEvent: '*', root cause: vscode.git
2024-01-19 13:45:50.183 [info] ExtensionService#_doActivateExtension vscode.git, startup: true, activationEvent: '*'
2024-01-19 13:45:50.185 [info] ExtensionService#_doActivateExtension vscode.github, startup: true, activationEvent: '*'
2024-01-19 13:45:50.720 [info] Eager extensions activated
2024-01-19 13:45:50.720 [info] ExtensionService#_doActivateExtension vscode.debug-auto-launch, startup: false, activationEvent: 'onStartupFinished'
2024-01-19 13:45:50.721 [info] ExtensionService#_doActivateExtension vscode.merge-conflict, startup: false, activationEvent: 'onStartupFinished'
2024-01-19 13:46:33.170 [info] ExtensionService#_doActivateExtension vscode.npm, startup: false, activationEvent: 'onTerminalQuickFixRequest:ms-vscode.npm-command'
2024-01-19 13:52:46.446 [info] ExtensionService#_doActivateExtension vscode.emmet, startup: false, activationEvent: 'onLanguage'
2024-01-19 13:53:57.863 [info] ExtensionService#_doActivateExtension ms-python.python, startup: false, activationEvent: 'onLanguage:python'
2024-01-19 13:53:58.785 [info] ExtensionService#_doActivateExtension ms-python.vscode-pylance, startup: false, activationEvent: 'onLanguage:python'
2024-01-19 13:58:01.335 [info] ExtensionService#_doActivateExtension ms-azuretools.vscode-docker, startup: false, activationEvent: 'onLanguage:dockercompose'
2024-01-19 15:34:26.098 [info] Extension host terminating: received terminate message from renderer
2024-01-19 15:34:26.117 [info] Lock '/home/carlos/.vscode-server/data/User/workspaceStorage/b2f342de0054ba6dee4431941d86e061/vscode.lock': Marking the lockfile as scheduled to be released in 6000 ms.
2024-01-19 15:34:26.811 [error] SyntaxError: Unexpected end of JSON input
	at JSON.parse (<anonymous>)
	at f (/home/carlos/.vscode-server/bin/8b3775030ed1a69b13e4f4c628c612102e30a681/out/vs/workbench/api/node/extensionHostProcess.js:150:4103)
	at async /home/carlos/.vscode-server/bin/8b3775030ed1a69b13e4f4c628c612102e30a681/out/vs/workbench/api/node/extensionHostProcess.js:150:3027
2024-01-19 15:34:26.811 [info] Lock '/home/carlos/.vscode-server/data/User/workspaceStorage/b2f342de0054ba6dee4431941d86e061/vscode.lock': The lock was lost unexpectedly.
2024-01-19 15:34:29.100 [info] Extension host with pid 635 exiting with code 0
