2024-01-19 13:54:00.614 [info] (Client) Pylance async client (2023.12.1) started with python extension (2023.22.1)
2024-01-19 13:54:02.463 [info] [Info  - 1:54:02 PM] (4966) Pylance language server 2023.12.1 (pyright a78e2b10) starting
2024-01-19 13:54:02.464 [info] [Info  - 1:54:02 PM] (4966) Server root directory: /home/carlos/.vscode-server/extensions/ms-python.vscode-pylance-2023.12.1/dist
2024-01-19 13:54:02.464 [info] [Info  - 1:54:02 PM] (4966) Starting service instance "carlos"
2024-01-19 13:54:02.777 [info] [Info  - 1:54:02 PM] (4966) Setting pythonPath for service "carlos": "/bin/python3"
2024-01-19 13:54:02.777 [info] [Info  - 1:54:02 PM] (4966) Setting environmentName for service "carlos": "3.10.12 (global)"
2024-01-19 13:54:02.904 [info] [Info  - 1:54:02 PM] (4966) Assuming Python version 3.10
2024-01-19 13:54:02.989 [info] [Info  - 1:54:02 PM] (4966) Found 1 source file
2024-01-19 13:54:11.306 [info] [Info  - 1:54:11 PM] (4966) [BG(1)] Long operation: getSemanticTokens full at /home/carlos/dags/kafka_stream.py (6808ms)
2024-01-19 13:54:12.735 [info] [Info  - 1:54:12 PM] (4966) [IDX(2)] Long operation: index execution environment /home/carlos (6646ms)
2024-01-19 13:54:12.783 [info] [Info  - 1:54:12 PM] (4966) [IDX(2)] Long operation: index packages /home/carlos (6711ms)
2024-01-19 13:58:01.670 [info] [Error - 1:58:01 PM] Server process exited with code 0.
2024-01-19 13:58:02.229 [info] (Client) Pylance async client (2023.12.1) started with python extension (2023.22.1)
2024-01-19 13:58:02.764 [info] [Info  - 1:58:02 PM] (5821) Pylance language server 2023.12.1 (pyright a78e2b10) starting
2024-01-19 13:58:02.764 [info] [Info  - 1:58:02 PM] (5821) Server root directory: /home/carlos/.vscode-server/extensions/ms-python.vscode-pylance-2023.12.1/dist
2024-01-19 13:58:02.775 [info] [Info  - 1:58:02 PM] (5821) Starting service instance "carlos"
2024-01-19 13:58:02.816 [info] [Info  - 1:58:02 PM] (5821) Setting pythonPath for service "carlos": "/bin/python3"
2024-01-19 13:58:02.816 [info] [Info  - 1:58:02 PM] (5821) Setting environmentName for service "carlos": "3.10.12 (global)"
2024-01-19 13:58:02.842 [info] [Info  - 1:58:02 PM] (5821) Assuming Python version 3.10
2024-01-19 13:58:02.894 [info] [Info  - 1:58:02 PM] (5821) Found 1 source file
2024-01-19 13:58:06.678 [info] [Info  - 1:58:06 PM] (5821) [BG(1)] Long operation: checking: /home/carlos/dags/kafka_stream.py (2903ms)
2024-01-19 13:58:06.679 [info] [Info  - 1:58:06 PM] (5821) [BG(1)] Long operation: analyzing: /home/carlos/dags/kafka_stream.py (3206ms)
